2025-01-09 22:07:04 INFO     
    \u2588\u2588\u2588\u2588\u2588\u2588\u2588\u2557\u2588\u2588\u2557\u2588\u2588\u2588\u2588\u2588\u2588\u2557  \u2588\u2588\u2588\u2588\u2588\u2588\u2557 \u2588\u2588\u2588\u2588\u2588\u2588\u2557 \u2588\u2588\u2557     \u2588\u2588\u2557\u2588\u2588\u2588\u2588\u2588\u2588\u2588\u2588\u2557\u2588\u2588\u2588\u2588\u2588\u2588\u2588\u2557
    \u255a\u2550\u2550\u2588\u2588\u2588\u2554\u255d\u2588\u2588\u2551\u2588\u2588\u2554\u2550\u2550\u2588\u2588\u2557\u2588\u2588\u2554\u2550\u2550\u2550\u2550\u255d\u2588\u2588\u2554\u2550\u2550\u2550\u2588\u2588\u2557\u2588\u2588\u2551     \u2588\u2588\u2551\u255a\u2550\u2550\u2588\u2588\u2554\u2550\u2550\u255d\u2588\u2588\u2554\u2550\u2550\u2550\u2550\u255d
      \u2588\u2588\u2588\u2554\u255d \u2588\u2588\u2551\u2588\u2588\u2588\u2588\u2588\u2588\u2554\u255d\u2588\u2588\u2551     \u2588\u2588\u2551   \u2588\u2588\u2551\u2588\u2588\u2551     \u2588\u2588\u2551   \u2588\u2588\u2551   \u2588\u2588\u2588\u2588\u2588\u2557
     \u2588\u2588\u2588\u2554\u255d  \u2588\u2588\u2551\u2588\u2588\u2554\u2550\u2550\u2588\u2588\u2557\u2588\u2588\u2551     \u2588\u2588\u2551   \u2588\u2588\u2551\u2588\u2588\u2551     \u2588\u2588\u2551   \u2588\u2588\u2551   \u2588\u2588\u2554\u2550\u2550\u255d
    \u2588\u2588\u2588\u2588\u2588\u2588\u2588\u2557\u2588\u2588\u2551\u2588\u2588\u2551  \u2588\u2588\u2551\u255a\u2588\u2588\u2588\u2588\u2588\u2588\u2557\u255a\u2588\u2588\u2588\u2588\u2588\u2588\u2554\u255d\u2588\u2588\u2588\u2588\u2588\u2588\u2588\u2557\u2588\u2588\u2551   \u2588\u2588\u2551   \u2588\u2588\u2588\u2588\u2588\u2588\u2588\u2557
    \u255a\u2550\u2550\u2550\u2550\u2550\u2550\u255d\u255a\u2550\u255d\u255a\u2550\u255d  \u255a\u2550\u255d \u255a\u2550\u2550\u2550\u2550\u2550\u255d \u255a\u2550\u2550\u2550\u2550\u2550\u255d \u255a\u2550\u2550\u2550\u2550\u2550\u2550\u255d\u255a\u2550\u255d   \u255a\u2550\u255d   \u255a\u2550\u2550\u2550\u2550\u2550\u2550\u255d
   -= Standalone Sigma Detection tool for EVTX/Auditd/Sysmon Linux =-
    
2025-01-09 22:07:04 INFO     [+] Modules imports status: OK
2025-01-09 22:07:04 INFO     [+] Loading ruleset(s)
2025-01-09 22:07:04 INFO     [36m   [+] Loaded JSON/Zircolite ruleset : Data\rules_linux.json[39m
2025-01-09 22:07:04 INFO     [+] Checking prerequisites
2025-01-09 22:07:04 INFO     [+] Extracting events Using 'tmp-R6SU1OBS' directory 
2025-01-09 22:09:29 ERROR    [31m   [-] Cannot find mapping file, you can get the default one here : https://github.com/wagga40/Zircolite/blob/master/config/fieldMappings.json [39m
2025-01-09 22:46:37 INFO     
    \u2588\u2588\u2588\u2588\u2588\u2588\u2588\u2557\u2588\u2588\u2557\u2588\u2588\u2588\u2588\u2588\u2588\u2557  \u2588\u2588\u2588\u2588\u2588\u2588\u2557 \u2588\u2588\u2588\u2588\u2588\u2588\u2557 \u2588\u2588\u2557     \u2588\u2588\u2557\u2588\u2588\u2588\u2588\u2588\u2588\u2588\u2588\u2557\u2588\u2588\u2588\u2588\u2588\u2588\u2588\u2557
    \u255a\u2550\u2550\u2588\u2588\u2588\u2554\u255d\u2588\u2588\u2551\u2588\u2588\u2554\u2550\u2550\u2588\u2588\u2557\u2588\u2588\u2554\u2550\u2550\u2550\u2550\u255d\u2588\u2588\u2554\u2550\u2550\u2550\u2588\u2588\u2557\u2588\u2588\u2551     \u2588\u2588\u2551\u255a\u2550\u2550\u2588\u2588\u2554\u2550\u2550\u255d\u2588\u2588\u2554\u2550\u2550\u2550\u2550\u255d
      \u2588\u2588\u2588\u2554\u255d \u2588\u2588\u2551\u2588\u2588\u2588\u2588\u2588\u2588\u2554\u255d\u2588\u2588\u2551     \u2588\u2588\u2551   \u2588\u2588\u2551\u2588\u2588\u2551     \u2588\u2588\u2551   \u2588\u2588\u2551   \u2588\u2588\u2588\u2588\u2588\u2557
     \u2588\u2588\u2588\u2554\u255d  \u2588\u2588\u2551\u2588\u2588\u2554\u2550\u2550\u2588\u2588\u2557\u2588\u2588\u2551     \u2588\u2588\u2551   \u2588\u2588\u2551\u2588\u2588\u2551     \u2588\u2588\u2551   \u2588\u2588\u2551   \u2588\u2588\u2554\u2550\u2550\u255d
    \u2588\u2588\u2588\u2588\u2588\u2588\u2588\u2557\u2588\u2588\u2551\u2588\u2588\u2551  \u2588\u2588\u2551\u255a\u2588\u2588\u2588\u2588\u2588\u2588\u2557\u255a\u2588\u2588\u2588\u2588\u2588\u2588\u2554\u255d\u2588\u2588\u2588\u2588\u2588\u2588\u2588\u2557\u2588\u2588\u2551   \u2588\u2588\u2551   \u2588\u2588\u2588\u2588\u2588\u2588\u2588\u2557
    \u255a\u2550\u2550\u2550\u2550\u2550\u2550\u255d\u255a\u2550\u255d\u255a\u2550\u255d  \u255a\u2550\u255d \u255a\u2550\u2550\u2550\u2550\u2550\u255d \u255a\u2550\u2550\u2550\u2550\u2550\u255d \u255a\u2550\u2550\u2550\u2550\u2550\u2550\u255d\u255a\u2550\u255d   \u255a\u2550\u255d   \u255a\u2550\u2550\u2550\u2550\u2550\u2550\u255d
   -= Standalone Sigma Detection tool for EVTX/Auditd/Sysmon Linux =-
    
2025-01-09 22:46:37 INFO     [+] Modules imports status: OK
2025-01-09 22:46:37 INFO     [+] Loading ruleset(s)
2025-01-09 22:46:37 INFO     [36m   [+] Loaded JSON/Zircolite ruleset : Data\rules_linux.json[39m
2025-01-09 22:46:37 INFO     [+] Checking prerequisites
2025-01-09 22:46:37 INFO     [+] Extracting events Using 'tmp-NEXH48B3' directory 
2025-01-09 22:46:39 ERROR    [31m   [-] Cannot find mapping file, you can get the default one here : https://github.com/wagga40/Zircolite/blob/master/config/fieldMappings.json [39m
2025-01-09 22:47:11 INFO     
    \u2588\u2588\u2588\u2588\u2588\u2588\u2588\u2557\u2588\u2588\u2557\u2588\u2588\u2588\u2588\u2588\u2588\u2557  \u2588\u2588\u2588\u2588\u2588\u2588\u2557 \u2588\u2588\u2588\u2588\u2588\u2588\u2557 \u2588\u2588\u2557     \u2588\u2588\u2557\u2588\u2588\u2588\u2588\u2588\u2588\u2588\u2588\u2557\u2588\u2588\u2588\u2588\u2588\u2588\u2588\u2557
    \u255a\u2550\u2550\u2588\u2588\u2588\u2554\u255d\u2588\u2588\u2551\u2588\u2588\u2554\u2550\u2550\u2588\u2588\u2557\u2588\u2588\u2554\u2550\u2550\u2550\u2550\u255d\u2588\u2588\u2554\u2550\u2550\u2550\u2588\u2588\u2557\u2588\u2588\u2551     \u2588\u2588\u2551\u255a\u2550\u2550\u2588\u2588\u2554\u2550\u2550\u255d\u2588\u2588\u2554\u2550\u2550\u2550\u2550\u255d
      \u2588\u2588\u2588\u2554\u255d \u2588\u2588\u2551\u2588\u2588\u2588\u2588\u2588\u2588\u2554\u255d\u2588\u2588\u2551     \u2588\u2588\u2551   \u2588\u2588\u2551\u2588\u2588\u2551     \u2588\u2588\u2551   \u2588\u2588\u2551   \u2588\u2588\u2588\u2588\u2588\u2557
     \u2588\u2588\u2588\u2554\u255d  \u2588\u2588\u2551\u2588\u2588\u2554\u2550\u2550\u2588\u2588\u2557\u2588\u2588\u2551     \u2588\u2588\u2551   \u2588\u2588\u2551\u2588\u2588\u2551     \u2588\u2588\u2551   \u2588\u2588\u2551   \u2588\u2588\u2554\u2550\u2550\u255d
    \u2588\u2588\u2588\u2588\u2588\u2588\u2588\u2557\u2588\u2588\u2551\u2588\u2588\u2551  \u2588\u2588\u2551\u255a\u2588\u2588\u2588\u2588\u2588\u2588\u2557\u255a\u2588\u2588\u2588\u2588\u2588\u2588\u2554\u255d\u2588\u2588\u2588\u2588\u2588\u2588\u2588\u2557\u2588\u2588\u2551   \u2588\u2588\u2551   \u2588\u2588\u2588\u2588\u2588\u2588\u2588\u2557
    \u255a\u2550\u2550\u2550\u2550\u2550\u2550\u255d\u255a\u2550\u255d\u255a\u2550\u255d  \u255a\u2550\u255d \u255a\u2550\u2550\u2550\u2550\u2550\u255d \u255a\u2550\u2550\u2550\u2550\u2550\u255d \u255a\u2550\u2550\u2550\u2550\u2550\u2550\u255d\u255a\u2550\u255d   \u255a\u2550\u255d   \u255a\u2550\u2550\u2550\u2550\u2550\u2550\u255d
   -= Standalone Sigma Detection tool for EVTX/Auditd/Sysmon Linux =-
    
2025-01-09 22:47:11 INFO     [+] Modules imports status: OK
2025-01-09 22:47:11 INFO     [+] Loading ruleset(s)
2025-01-09 22:47:11 INFO     [36m   [+] Loaded JSON/Zircolite ruleset : Data\rules_linux.json[39m
2025-01-09 22:47:11 INFO     [+] Checking prerequisites
2025-01-09 22:47:11 INFO     [+] Extracting events Using 'tmp-CE0D7DIO' directory 
2025-01-09 22:47:13 ERROR    [31m   [-] Cannot find mapping file, you can get the default one here : https://github.com/wagga40/Zircolite/blob/master/config/fieldMappings.json [39m
